2014/10/30 23:12:27 [error] [php] mkdir(): Permission denied (/home/ashubin/development/eq/protected/components/helpers/DesignHelper.php:74)
Stack trace:
#0 /home/ashubin/development/eq/protected/views/layouts/main.php(58): DesignHelper->getJsFooterFile()
#1 /home/ashubin/development/eq/vendor/yiisoft/yii/framework/web/CBaseController.php(126): require()
#2 /home/ashubin/development/eq/vendor/yiisoft/yii/framework/web/CBaseController.php(95): SiteController->renderInternal()
#3 /home/ashubin/development/eq/vendor/yiisoft/yii/framework/web/widgets/CContentDecorator.php(76): SiteController->renderFile()
#4 /home/ashubin/development/eq/vendor/yiisoft/yii/framework/web/widgets/CContentDecorator.php(54): CContentDecorator->decorate()
#5 /home/ashubin/development/eq/vendor/yiisoft/yii/framework/web/widgets/COutputProcessor.php(44): CContentDecorator->processOutput()
#6 /home/ashubin/development/eq/vendor/yiisoft/yii/framework/web/CBaseController.php(206): CContentDecorator->run()
#7 /home/ashubin/development/eq/vendor/yiisoft/yii/framework/web/CBaseController.php(300): SiteController->endWidget()
#8 /home/ashubin/development/eq/protected/views/layouts/column1.php(6): SiteController->endContent()
#9 /home/ashubin/development/eq/vendor/yiisoft/yii/framework/web/CBaseController.php(126): require()
#10 /home/ashubin/development/eq/vendor/yiisoft/yii/framework/web/CBaseController.php(95): SiteController->renderInternal()
#11 /home/ashubin/development/eq/vendor/yiisoft/yii/framework/web/CController.php(784): SiteController->renderFile()
#12 /home/ashubin/development/eq/protected/controllers/SiteController.php(33): SiteController->render()
#13 /home/ashubin/development/eq/vendor/yiisoft/yii/framework/web/actions/CInlineAction.php(49): SiteController->actionIndex()
#14 /home/ashubin/development/eq/vendor/yiisoft/yii/framework/web/CController.php(308): CInlineAction->runWithParams()
#15 /home/ashubin/development/eq/vendor/yiisoft/yii/framework/web/CController.php(286): SiteController->runAction()
#16 /home/ashubin/development/eq/vendor/yiisoft/yii/framework/web/CController.php(265): SiteController->runActionWithFilters()
#17 /home/ashubin/development/eq/vendor/yiisoft/yii/framework/web/CWebApplication.php(282): SiteController->run()
#18 /home/ashubin/development/eq/vendor/yiisoft/yii/framework/web/CWebApplication.php(141): CWebApplication->runController()
#19 /home/ashubin/development/eq/vendor/yiisoft/yii/framework/base/CApplication.php(180): CWebApplication->processRequest()
#20 /home/ashubin/development/eq/index.php(13): CWebApplication->run()
REQUEST_URI=/
in /home/ashubin/development/eq/protected/components/helpers/DesignHelper.php (74)
in /home/ashubin/development/eq/protected/components/helpers/DesignHelper.php (64)
in /home/ashubin/development/eq/protected/views/layouts/main.php (58)
2014/10/30 23:26:45 [error] [php] mkdir(): File exists (/home/ashubin/development/eq/protected/components/helpers/DesignHelper.php:74)
Stack trace:
#0 /home/ashubin/development/eq/protected/views/layouts/main.php(59): DesignHelper->getJsFooterFile()
#1 /home/ashubin/development/eq/vendor/yiisoft/yii/framework/web/CBaseController.php(126): require()
#2 /home/ashubin/development/eq/vendor/yiisoft/yii/framework/web/CBaseController.php(95): SiteController->renderInternal()
#3 /home/ashubin/development/eq/vendor/yiisoft/yii/framework/web/widgets/CContentDecorator.php(76): SiteController->renderFile()
#4 /home/ashubin/development/eq/vendor/yiisoft/yii/framework/web/widgets/CContentDecorator.php(54): CContentDecorator->decorate()
#5 /home/ashubin/development/eq/vendor/yiisoft/yii/framework/web/widgets/COutputProcessor.php(44): CContentDecorator->processOutput()
#6 /home/ashubin/development/eq/vendor/yiisoft/yii/framework/web/CBaseController.php(206): CContentDecorator->run()
#7 /home/ashubin/development/eq/vendor/yiisoft/yii/framework/web/CBaseController.php(300): SiteController->endWidget()
#8 /home/ashubin/development/eq/protected/views/layouts/column1.php(6): SiteController->endContent()
#9 /home/ashubin/development/eq/vendor/yiisoft/yii/framework/web/CBaseController.php(126): require()
#10 /home/ashubin/development/eq/vendor/yiisoft/yii/framework/web/CBaseController.php(95): SiteController->renderInternal()
#11 /home/ashubin/development/eq/vendor/yiisoft/yii/framework/web/CController.php(784): SiteController->renderFile()
#12 /home/ashubin/development/eq/protected/controllers/SiteController.php(35): SiteController->render()
#13 /home/ashubin/development/eq/vendor/yiisoft/yii/framework/web/actions/CInlineAction.php(49): SiteController->actionIndex()
#14 /home/ashubin/development/eq/vendor/yiisoft/yii/framework/web/CController.php(308): CInlineAction->runWithParams()
#15 /home/ashubin/development/eq/vendor/yiisoft/yii/framework/web/CController.php(286): SiteController->runAction()
#16 /home/ashubin/development/eq/vendor/yiisoft/yii/framework/web/CController.php(265): SiteController->runActionWithFilters()
#17 /home/ashubin/development/eq/vendor/yiisoft/yii/framework/web/CWebApplication.php(282): SiteController->run()
#18 /home/ashubin/development/eq/vendor/yiisoft/yii/framework/web/CWebApplication.php(141): CWebApplication->runController()
#19 /home/ashubin/development/eq/vendor/yiisoft/yii/framework/base/CApplication.php(180): CWebApplication->processRequest()
#20 /home/ashubin/development/eq/index.php(13): CWebApplication->run()
REQUEST_URI=/
in /home/ashubin/development/eq/protected/components/helpers/DesignHelper.php (74)
in /home/ashubin/development/eq/protected/components/helpers/DesignHelper.php (64)
in /home/ashubin/development/eq/protected/views/layouts/main.php (59)
2014/10/30 23:27:33 [error] [php] mkdir(): File exists (/home/ashubin/development/eq/protected/components/helpers/DesignHelper.php:74)
Stack trace:
#0 /home/ashubin/development/eq/protected/views/layouts/main.php(57): DesignHelper->getJsHeaderFile()
#1 /home/ashubin/development/eq/vendor/yiisoft/yii/framework/web/CBaseController.php(126): require()
#2 /home/ashubin/development/eq/vendor/yiisoft/yii/framework/web/CBaseController.php(95): SiteController->renderInternal()
#3 /home/ashubin/development/eq/vendor/yiisoft/yii/framework/web/widgets/CContentDecorator.php(76): SiteController->renderFile()
#4 /home/ashubin/development/eq/vendor/yiisoft/yii/framework/web/widgets/CContentDecorator.php(54): CContentDecorator->decorate()
#5 /home/ashubin/development/eq/vendor/yiisoft/yii/framework/web/widgets/COutputProcessor.php(44): CContentDecorator->processOutput()
#6 /home/ashubin/development/eq/vendor/yiisoft/yii/framework/web/CBaseController.php(206): CContentDecorator->run()
#7 /home/ashubin/development/eq/vendor/yiisoft/yii/framework/web/CBaseController.php(300): SiteController->endWidget()
#8 /home/ashubin/development/eq/protected/views/layouts/column1.php(6): SiteController->endContent()
#9 /home/ashubin/development/eq/vendor/yiisoft/yii/framework/web/CBaseController.php(126): require()
#10 /home/ashubin/development/eq/vendor/yiisoft/yii/framework/web/CBaseController.php(95): SiteController->renderInternal()
#11 /home/ashubin/development/eq/vendor/yiisoft/yii/framework/web/CController.php(784): SiteController->renderFile()
#12 /home/ashubin/development/eq/protected/controllers/SiteController.php(35): SiteController->render()
#13 /home/ashubin/development/eq/vendor/yiisoft/yii/framework/web/actions/CInlineAction.php(49): SiteController->actionIndex()
#14 /home/ashubin/development/eq/vendor/yiisoft/yii/framework/web/CController.php(308): CInlineAction->runWithParams()
#15 /home/ashubin/development/eq/vendor/yiisoft/yii/framework/web/CController.php(286): SiteController->runAction()
#16 /home/ashubin/development/eq/vendor/yiisoft/yii/framework/web/CController.php(265): SiteController->runActionWithFilters()
#17 /home/ashubin/development/eq/vendor/yiisoft/yii/framework/web/CWebApplication.php(282): SiteController->run()
#18 /home/ashubin/development/eq/vendor/yiisoft/yii/framework/web/CWebApplication.php(141): CWebApplication->runController()
#19 /home/ashubin/development/eq/vendor/yiisoft/yii/framework/base/CApplication.php(180): CWebApplication->processRequest()
#20 /home/ashubin/development/eq/index.php(13): CWebApplication->run()
REQUEST_URI=/
in /home/ashubin/development/eq/protected/components/helpers/DesignHelper.php (74)
in /home/ashubin/development/eq/protected/components/helpers/DesignHelper.php (59)
in /home/ashubin/development/eq/protected/views/layouts/main.php (57)
2014/10/30 23:27:34 [error] [php] mkdir(): File exists (/home/ashubin/development/eq/protected/components/helpers/DesignHelper.php:74)
Stack trace:
#0 /home/ashubin/development/eq/protected/views/layouts/main.php(57): DesignHelper->getJsHeaderFile()
#1 /home/ashubin/development/eq/vendor/yiisoft/yii/framework/web/CBaseController.php(126): require()
#2 /home/ashubin/development/eq/vendor/yiisoft/yii/framework/web/CBaseController.php(95): SiteController->renderInternal()
#3 /home/ashubin/development/eq/vendor/yiisoft/yii/framework/web/widgets/CContentDecorator.php(76): SiteController->renderFile()
#4 /home/ashubin/development/eq/vendor/yiisoft/yii/framework/web/widgets/CContentDecorator.php(54): CContentDecorator->decorate()
#5 /home/ashubin/development/eq/vendor/yiisoft/yii/framework/web/widgets/COutputProcessor.php(44): CContentDecorator->processOutput()
#6 /home/ashubin/development/eq/vendor/yiisoft/yii/framework/web/CBaseController.php(206): CContentDecorator->run()
#7 /home/ashubin/development/eq/vendor/yiisoft/yii/framework/web/CBaseController.php(300): SiteController->endWidget()
#8 /home/ashubin/development/eq/protected/views/layouts/column1.php(6): SiteController->endContent()
#9 /home/ashubin/development/eq/vendor/yiisoft/yii/framework/web/CBaseController.php(126): require()
#10 /home/ashubin/development/eq/vendor/yiisoft/yii/framework/web/CBaseController.php(95): SiteController->renderInternal()
#11 /home/ashubin/development/eq/vendor/yiisoft/yii/framework/web/CController.php(784): SiteController->renderFile()
#12 /home/ashubin/development/eq/protected/controllers/SiteController.php(35): SiteController->render()
#13 /home/ashubin/development/eq/vendor/yiisoft/yii/framework/web/actions/CInlineAction.php(49): SiteController->actionIndex()
#14 /home/ashubin/development/eq/vendor/yiisoft/yii/framework/web/CController.php(308): CInlineAction->runWithParams()
#15 /home/ashubin/development/eq/vendor/yiisoft/yii/framework/web/CController.php(286): SiteController->runAction()
#16 /home/ashubin/development/eq/vendor/yiisoft/yii/framework/web/CController.php(265): SiteController->runActionWithFilters()
#17 /home/ashubin/development/eq/vendor/yiisoft/yii/framework/web/CWebApplication.php(282): SiteController->run()
#18 /home/ashubin/development/eq/vendor/yiisoft/yii/framework/web/CWebApplication.php(141): CWebApplication->runController()
#19 /home/ashubin/development/eq/vendor/yiisoft/yii/framework/base/CApplication.php(180): CWebApplication->processRequest()
#20 /home/ashubin/development/eq/index.php(13): CWebApplication->run()
REQUEST_URI=/
in /home/ashubin/development/eq/protected/components/helpers/DesignHelper.php (74)
in /home/ashubin/development/eq/protected/components/helpers/DesignHelper.php (59)
in /home/ashubin/development/eq/protected/views/layouts/main.php (57)
2014/10/30 23:27:53 [error] [php] fopen(/home/ashubin/development/eq/protected/..//assets/compiled/js/header-82718aa214168240aed26e0258a8067b.js): failed to open stream: No such file or directory (/home/ashubin/development/eq/protected/components/helpers/DesignHelper.php:104)
Stack trace:
#0 /home/ashubin/development/eq/protected/views/layouts/main.php(57): DesignHelper->getJsHeaderFile()
#1 /home/ashubin/development/eq/vendor/yiisoft/yii/framework/web/CBaseController.php(126): require()
#2 /home/ashubin/development/eq/vendor/yiisoft/yii/framework/web/CBaseController.php(95): SiteController->renderInternal()
#3 /home/ashubin/development/eq/vendor/yiisoft/yii/framework/web/widgets/CContentDecorator.php(76): SiteController->renderFile()
#4 /home/ashubin/development/eq/vendor/yiisoft/yii/framework/web/widgets/CContentDecorator.php(54): CContentDecorator->decorate()
#5 /home/ashubin/development/eq/vendor/yiisoft/yii/framework/web/widgets/COutputProcessor.php(44): CContentDecorator->processOutput()
#6 /home/ashubin/development/eq/vendor/yiisoft/yii/framework/web/CBaseController.php(206): CContentDecorator->run()
#7 /home/ashubin/development/eq/vendor/yiisoft/yii/framework/web/CBaseController.php(300): SiteController->endWidget()
#8 /home/ashubin/development/eq/protected/views/layouts/column1.php(6): SiteController->endContent()
#9 /home/ashubin/development/eq/vendor/yiisoft/yii/framework/web/CBaseController.php(126): require()
#10 /home/ashubin/development/eq/vendor/yiisoft/yii/framework/web/CBaseController.php(95): SiteController->renderInternal()
#11 /home/ashubin/development/eq/vendor/yiisoft/yii/framework/web/CController.php(784): SiteController->renderFile()
#12 /home/ashubin/development/eq/protected/controllers/SiteController.php(35): SiteController->render()
#13 /home/ashubin/development/eq/vendor/yiisoft/yii/framework/web/actions/CInlineAction.php(49): SiteController->actionIndex()
#14 /home/ashubin/development/eq/vendor/yiisoft/yii/framework/web/CController.php(308): CInlineAction->runWithParams()
#15 /home/ashubin/development/eq/vendor/yiisoft/yii/framework/web/CController.php(286): SiteController->runAction()
#16 /home/ashubin/development/eq/vendor/yiisoft/yii/framework/web/CController.php(265): SiteController->runActionWithFilters()
#17 /home/ashubin/development/eq/vendor/yiisoft/yii/framework/web/CWebApplication.php(282): SiteController->run()
#18 /home/ashubin/development/eq/vendor/yiisoft/yii/framework/web/CWebApplication.php(141): CWebApplication->runController()
#19 /home/ashubin/development/eq/vendor/yiisoft/yii/framework/base/CApplication.php(180): CWebApplication->processRequest()
#20 /home/ashubin/development/eq/index.php(13): CWebApplication->run()
REQUEST_URI=/
in /home/ashubin/development/eq/protected/components/helpers/DesignHelper.php (104)
in /home/ashubin/development/eq/protected/components/helpers/DesignHelper.php (59)
in /home/ashubin/development/eq/protected/views/layouts/main.php (57)
2014/10/30 23:46:29 [error] [exception.Exception] exception 'Exception' with message 'load error: failed to find /home/ashubin/development/eq/protected/design/src/less/index.less' in /home/ashubin/development/eq/vendor/leafo/lessphp/lessc.inc.php:1818
Stack trace:
#0 /home/ashubin/development/eq/protected/components/helpers/DesignHelper.php(148): lessc->compileFile('/home/ashubin/d...')
#1 /home/ashubin/development/eq/protected/views/layouts/main.php(60): DesignHelper->getCssFile()
#2 /home/ashubin/development/eq/vendor/yiisoft/yii/framework/web/CBaseController.php(126): require('/home/ashubin/d...')
#3 /home/ashubin/development/eq/vendor/yiisoft/yii/framework/web/CBaseController.php(95): CBaseController->renderInternal('/home/ashubin/d...', Array, true)
#4 /home/ashubin/development/eq/vendor/yiisoft/yii/framework/web/widgets/CContentDecorator.php(76): CBaseController->renderFile('/home/ashubin/d...', Array, true)
#5 /home/ashubin/development/eq/vendor/yiisoft/yii/framework/web/widgets/CContentDecorator.php(54): CContentDecorator->decorate('<div id="conten...')
#6 /home/ashubin/development/eq/vendor/yiisoft/yii/framework/web/widgets/COutputProcessor.php(44): CContentDecorator->processOutput('<div id="conten...')
#7 /home/ashubin/development/eq/vendor/yiisoft/yii/framework/web/CBaseController.php(206): COutputProcessor->run()
#8 /home/ashubin/development/eq/vendor/yiisoft/yii/framework/web/CBaseController.php(300): CBaseController->endWidget('CContentDecorat...')
#9 /home/ashubin/development/eq/protected/views/layouts/column1.php(6): CBaseController->endContent()
#10 /home/ashubin/development/eq/vendor/yiisoft/yii/framework/web/CBaseController.php(126): require('/home/ashubin/d...')
#11 /home/ashubin/development/eq/vendor/yiisoft/yii/framework/web/CBaseController.php(95): CBaseController->renderInternal('/home/ashubin/d...', Array, true)
#12 /home/ashubin/development/eq/vendor/yiisoft/yii/framework/web/CController.php(784): CBaseController->renderFile('/home/ashubin/d...', Array, true)
#13 /home/ashubin/development/eq/protected/controllers/SiteController.php(36): CController->render('index')
#14 /home/ashubin/development/eq/vendor/yiisoft/yii/framework/web/actions/CInlineAction.php(49): SiteController->actionIndex()
#15 /home/ashubin/development/eq/vendor/yiisoft/yii/framework/web/CController.php(308): CInlineAction->runWithParams(Array)
#16 /home/ashubin/development/eq/vendor/yiisoft/yii/framework/web/CController.php(286): CController->runAction(Object(CInlineAction))
#17 /home/ashubin/development/eq/vendor/yiisoft/yii/framework/web/CController.php(265): CController->runActionWithFilters(Object(CInlineAction), Array)
#18 /home/ashubin/development/eq/vendor/yiisoft/yii/framework/web/CWebApplication.php(282): CController->run('')
#19 /home/ashubin/development/eq/vendor/yiisoft/yii/framework/web/CWebApplication.php(141): CWebApplication->runController('')
#20 /home/ashubin/development/eq/vendor/yiisoft/yii/framework/base/CApplication.php(180): CWebApplication->processRequest()
#21 /home/ashubin/development/eq/index.php(13): CApplication->run()
#22 {main}
REQUEST_URI=/
---
2014/10/30 23:47:07 [error] [php] file_put_contents(/home/ashubin/development/eq/protected/../assets/compiled//home/ashubin/development/eq/protected/../assets/compiled/style-ddacfa87548eb5424e3f599e6edea408.css): failed to open stream: No such file or directory (/home/ashubin/development/eq/protected/components/helpers/DesignHelper.php:151)
Stack trace:
#0 /home/ashubin/development/eq/vendor/yiisoft/yii/framework/web/CBaseController.php(126): require()
#1 /home/ashubin/development/eq/vendor/yiisoft/yii/framework/web/CBaseController.php(95): SiteController->renderInternal()
#2 /home/ashubin/development/eq/vendor/yiisoft/yii/framework/web/widgets/CContentDecorator.php(76): SiteController->renderFile()
#3 /home/ashubin/development/eq/vendor/yiisoft/yii/framework/web/widgets/CContentDecorator.php(54): CContentDecorator->decorate()
#4 /home/ashubin/development/eq/vendor/yiisoft/yii/framework/web/widgets/COutputProcessor.php(44): CContentDecorator->processOutput()
#5 /home/ashubin/development/eq/vendor/yiisoft/yii/framework/web/CBaseController.php(206): CContentDecorator->run()
#6 /home/ashubin/development/eq/vendor/yiisoft/yii/framework/web/CBaseController.php(300): SiteController->endWidget()
#7 /home/ashubin/development/eq/protected/views/layouts/column1.php(6): SiteController->endContent()
#8 /home/ashubin/development/eq/vendor/yiisoft/yii/framework/web/CBaseController.php(126): require()
#9 /home/ashubin/development/eq/vendor/yiisoft/yii/framework/web/CBaseController.php(95): SiteController->renderInternal()
#10 /home/ashubin/development/eq/vendor/yiisoft/yii/framework/web/CController.php(784): SiteController->renderFile()
#11 /home/ashubin/development/eq/protected/controllers/SiteController.php(36): SiteController->render()
#12 /home/ashubin/development/eq/vendor/yiisoft/yii/framework/web/actions/CInlineAction.php(49): SiteController->actionIndex()
#13 /home/ashubin/development/eq/vendor/yiisoft/yii/framework/web/CController.php(308): CInlineAction->runWithParams()
#14 /home/ashubin/development/eq/vendor/yiisoft/yii/framework/web/CController.php(286): SiteController->runAction()
#15 /home/ashubin/development/eq/vendor/yiisoft/yii/framework/web/CController.php(265): SiteController->runActionWithFilters()
#16 /home/ashubin/development/eq/vendor/yiisoft/yii/framework/web/CWebApplication.php(282): SiteController->run()
#17 /home/ashubin/development/eq/vendor/yiisoft/yii/framework/web/CWebApplication.php(141): CWebApplication->runController()
#18 /home/ashubin/development/eq/vendor/yiisoft/yii/framework/base/CApplication.php(180): CWebApplication->processRequest()
#19 /home/ashubin/development/eq/index.php(13): CWebApplication->run()
REQUEST_URI=/
in /home/ashubin/development/eq/protected/components/helpers/DesignHelper.php (151)
in /home/ashubin/development/eq/protected/views/layouts/main.php (60)
in /home/ashubin/development/eq/protected/views/layouts/column1.php (6)
2014/10/30 23:48:52 [error] [php] fopen(/home/ashubin/development/eq/protected/../assets/compiled//home/ashubin/development/eq/protected/../assets/compiled/style-ddacfa87548eb5424e3f599e6edea408.css): failed to open stream: No such file or directory (/home/ashubin/development/eq/protected/components/helpers/DesignHelper.php:151)
Stack trace:
#0 /home/ashubin/development/eq/vendor/yiisoft/yii/framework/web/CBaseController.php(126): require()
#1 /home/ashubin/development/eq/vendor/yiisoft/yii/framework/web/CBaseController.php(95): SiteController->renderInternal()
#2 /home/ashubin/development/eq/vendor/yiisoft/yii/framework/web/widgets/CContentDecorator.php(76): SiteController->renderFile()
#3 /home/ashubin/development/eq/vendor/yiisoft/yii/framework/web/widgets/CContentDecorator.php(54): CContentDecorator->decorate()
#4 /home/ashubin/development/eq/vendor/yiisoft/yii/framework/web/widgets/COutputProcessor.php(44): CContentDecorator->processOutput()
#5 /home/ashubin/development/eq/vendor/yiisoft/yii/framework/web/CBaseController.php(206): CContentDecorator->run()
#6 /home/ashubin/development/eq/vendor/yiisoft/yii/framework/web/CBaseController.php(300): SiteController->endWidget()
#7 /home/ashubin/development/eq/protected/views/layouts/column1.php(6): SiteController->endContent()
#8 /home/ashubin/development/eq/vendor/yiisoft/yii/framework/web/CBaseController.php(126): require()
#9 /home/ashubin/development/eq/vendor/yiisoft/yii/framework/web/CBaseController.php(95): SiteController->renderInternal()
#10 /home/ashubin/development/eq/vendor/yiisoft/yii/framework/web/CController.php(784): SiteController->renderFile()
#11 /home/ashubin/development/eq/protected/controllers/SiteController.php(36): SiteController->render()
#12 /home/ashubin/development/eq/vendor/yiisoft/yii/framework/web/actions/CInlineAction.php(49): SiteController->actionIndex()
#13 /home/ashubin/development/eq/vendor/yiisoft/yii/framework/web/CController.php(308): CInlineAction->runWithParams()
#14 /home/ashubin/development/eq/vendor/yiisoft/yii/framework/web/CController.php(286): SiteController->runAction()
#15 /home/ashubin/development/eq/vendor/yiisoft/yii/framework/web/CController.php(265): SiteController->runActionWithFilters()
#16 /home/ashubin/development/eq/vendor/yiisoft/yii/framework/web/CWebApplication.php(282): SiteController->run()
#17 /home/ashubin/development/eq/vendor/yiisoft/yii/framework/web/CWebApplication.php(141): CWebApplication->runController()
#18 /home/ashubin/development/eq/vendor/yiisoft/yii/framework/base/CApplication.php(180): CWebApplication->processRequest()
#19 /home/ashubin/development/eq/index.php(13): CWebApplication->run()
REQUEST_URI=/
in /home/ashubin/development/eq/protected/components/helpers/DesignHelper.php (151)
in /home/ashubin/development/eq/protected/views/layouts/main.php (60)
in /home/ashubin/development/eq/protected/views/layouts/column1.php (6)
2014/10/31 11:01:47 [error] [exception.CHttpException.404] exception 'CHttpException' with message 'Unable to resolve the request "favicon.ico".' in /home/ashubin/development/eq/vendor/yiisoft/yii/framework/web/CWebApplication.php:286
Stack trace:
#0 /home/ashubin/development/eq/vendor/yiisoft/yii/framework/web/CWebApplication.php(141): CWebApplication->runController('favicon.ico')
#1 /home/ashubin/development/eq/vendor/yiisoft/yii/framework/base/CApplication.php(180): CWebApplication->processRequest()
#2 /home/ashubin/development/eq/index.php(19): CApplication->run()
#3 {main}
REQUEST_URI=/favicon.ico
---
2014/11/13 20:41:17 [error] [exception.CHttpException.404] exception 'CHttpException' with message 'Unable to resolve the request "favicon.ico".' in /home/ashubin/development/eq/vendor/yiisoft/yii/framework/web/CWebApplication.php:286
Stack trace:
#0 /home/ashubin/development/eq/vendor/yiisoft/yii/framework/web/CWebApplication.php(141): CWebApplication->runController('favicon.ico')
#1 /home/ashubin/development/eq/vendor/yiisoft/yii/framework/base/CApplication.php(180): CWebApplication->processRequest()
#2 /home/ashubin/development/eq/index.php(19): CApplication->run()
#3 {main}
REQUEST_URI=/favicon.ico
---
2014/11/13 20:47:55 [error] [exception.CHttpException.404] exception 'CHttpException' with message 'Unable to resolve the request "assets/images/bg_logo.jpg".' in /home/ashubin/development/eq/vendor/yiisoft/yii/framework/web/CWebApplication.php:286
Stack trace:
#0 /home/ashubin/development/eq/vendor/yiisoft/yii/framework/web/CWebApplication.php(141): CWebApplication->runController('assets/images/b...')
#1 /home/ashubin/development/eq/vendor/yiisoft/yii/framework/base/CApplication.php(180): CWebApplication->processRequest()
#2 /home/ashubin/development/eq/index.php(19): CApplication->run()
#3 {main}
REQUEST_URI=/assets/images/bg_logo.jpg
HTTP_REFERER=http://eq.dev/assets/compiled/style-853ff527906a564f2227d17112f4ed9c.css
---
2014/11/13 20:47:55 [error] [exception.CHttpException.404] exception 'CHttpException' with message 'Unable to resolve the request "assets/images/desktop.jpg".' in /home/ashubin/development/eq/vendor/yiisoft/yii/framework/web/CWebApplication.php:286
Stack trace:
#0 /home/ashubin/development/eq/vendor/yiisoft/yii/framework/web/CWebApplication.php(141): CWebApplication->runController('assets/images/d...')
#1 /home/ashubin/development/eq/vendor/yiisoft/yii/framework/base/CApplication.php(180): CWebApplication->processRequest()
#2 /home/ashubin/development/eq/index.php(19): CApplication->run()
#3 {main}
REQUEST_URI=/assets/images/desktop.jpg
HTTP_REFERER=http://eq.dev/assets/compiled/style-853ff527906a564f2227d17112f4ed9c.css
---
2014/11/13 20:47:55 [error] [exception.CHttpException.404] exception 'CHttpException' with message 'Unable to resolve the request "assets/images/logo.png".' in /home/ashubin/development/eq/vendor/yiisoft/yii/framework/web/CWebApplication.php:286
Stack trace:
#0 /home/ashubin/development/eq/vendor/yiisoft/yii/framework/web/CWebApplication.php(141): CWebApplication->runController('assets/images/l...')
#1 /home/ashubin/development/eq/vendor/yiisoft/yii/framework/base/CApplication.php(180): CWebApplication->processRequest()
#2 /home/ashubin/development/eq/index.php(19): CApplication->run()
#3 {main}
REQUEST_URI=/assets/images/logo.png
HTTP_REFERER=http://eq.dev/assets/compiled/style-853ff527906a564f2227d17112f4ed9c.css
---
2014/11/13 20:47:55 [error] [exception.CHttpException.404] exception 'CHttpException' with message 'Unable to resolve the request "assets/images/ll.png".' in /home/ashubin/development/eq/vendor/yiisoft/yii/framework/web/CWebApplication.php:286
Stack trace:
#0 /home/ashubin/development/eq/vendor/yiisoft/yii/framework/web/CWebApplication.php(141): CWebApplication->runController('assets/images/l...')
#1 /home/ashubin/development/eq/vendor/yiisoft/yii/framework/base/CApplication.php(180): CWebApplication->processRequest()
#2 /home/ashubin/development/eq/index.php(19): CApplication->run()
#3 {main}
REQUEST_URI=/assets/images/ll.png
HTTP_REFERER=http://eq.dev/assets/compiled/style-853ff527906a564f2227d17112f4ed9c.css
---
2014/11/13 20:47:55 [error] [exception.CHttpException.404] exception 'CHttpException' with message 'Unable to resolve the request "assets/images/rr.png".' in /home/ashubin/development/eq/vendor/yiisoft/yii/framework/web/CWebApplication.php:286
Stack trace:
#0 /home/ashubin/development/eq/vendor/yiisoft/yii/framework/web/CWebApplication.php(141): CWebApplication->runController('assets/images/r...')
#1 /home/ashubin/development/eq/vendor/yiisoft/yii/framework/base/CApplication.php(180): CWebApplication->processRequest()
#2 /home/ashubin/development/eq/index.php(19): CApplication->run()
#3 {main}
REQUEST_URI=/assets/images/rr.png
HTTP_REFERER=http://eq.dev/assets/compiled/style-853ff527906a564f2227d17112f4ed9c.css
---
2014/11/13 20:52:36 [error] [exception.CHttpException.404] exception 'CHttpException' with message 'Unable to resolve the request "assets/images/bg_logo.jpg".' in /home/ashubin/development/eq/vendor/yiisoft/yii/framework/web/CWebApplication.php:286
Stack trace:
#0 /home/ashubin/development/eq/vendor/yiisoft/yii/framework/web/CWebApplication.php(141): CWebApplication->runController('assets/images/b...')
#1 /home/ashubin/development/eq/vendor/yiisoft/yii/framework/base/CApplication.php(180): CWebApplication->processRequest()
#2 /home/ashubin/development/eq/index.php(19): CApplication->run()
#3 {main}
REQUEST_URI=/assets/images/bg_logo.jpg
HTTP_REFERER=http://eq.dev/assets/compiled/style-853ff527906a564f2227d17112f4ed9c.css
---
2014/11/13 20:52:36 [error] [exception.CHttpException.404] exception 'CHttpException' with message 'Unable to resolve the request "assets/images/logo.png".' in /home/ashubin/development/eq/vendor/yiisoft/yii/framework/web/CWebApplication.php:286
Stack trace:
#0 /home/ashubin/development/eq/vendor/yiisoft/yii/framework/web/CWebApplication.php(141): CWebApplication->runController('assets/images/l...')
#1 /home/ashubin/development/eq/vendor/yiisoft/yii/framework/base/CApplication.php(180): CWebApplication->processRequest()
#2 /home/ashubin/development/eq/index.php(19): CApplication->run()
#3 {main}
REQUEST_URI=/assets/images/logo.png
HTTP_REFERER=http://eq.dev/assets/compiled/style-853ff527906a564f2227d17112f4ed9c.css
---
2014/11/13 20:52:36 [error] [exception.CHttpException.404] exception 'CHttpException' with message 'Unable to resolve the request "assets/images/rr.png".' in /home/ashubin/development/eq/vendor/yiisoft/yii/framework/web/CWebApplication.php:286
Stack trace:
#0 /home/ashubin/development/eq/vendor/yiisoft/yii/framework/web/CWebApplication.php(141): CWebApplication->runController('assets/images/r...')
#1 /home/ashubin/development/eq/vendor/yiisoft/yii/framework/base/CApplication.php(180): CWebApplication->processRequest()
#2 /home/ashubin/development/eq/index.php(19): CApplication->run()
#3 {main}
REQUEST_URI=/assets/images/rr.png
HTTP_REFERER=http://eq.dev/assets/compiled/style-853ff527906a564f2227d17112f4ed9c.css
---
2014/11/13 20:52:36 [error] [exception.CHttpException.404] exception 'CHttpException' with message 'Unable to resolve the request "assets/images/ll.png".' in /home/ashubin/development/eq/vendor/yiisoft/yii/framework/web/CWebApplication.php:286
Stack trace:
#0 /home/ashubin/development/eq/vendor/yiisoft/yii/framework/web/CWebApplication.php(141): CWebApplication->runController('assets/images/l...')
#1 /home/ashubin/development/eq/vendor/yiisoft/yii/framework/base/CApplication.php(180): CWebApplication->processRequest()
#2 /home/ashubin/development/eq/index.php(19): CApplication->run()
#3 {main}
REQUEST_URI=/assets/images/ll.png
HTTP_REFERER=http://eq.dev/assets/compiled/style-853ff527906a564f2227d17112f4ed9c.css
---
2014/11/13 20:53:31 [error] [exception.CHttpException.404] exception 'CHttpException' with message 'Unable to resolve the request "assets/images/rr.png".' in /home/ashubin/development/eq/vendor/yiisoft/yii/framework/web/CWebApplication.php:286
Stack trace:
#0 /home/ashubin/development/eq/vendor/yiisoft/yii/framework/web/CWebApplication.php(141): CWebApplication->runController('assets/images/r...')
#1 /home/ashubin/development/eq/vendor/yiisoft/yii/framework/base/CApplication.php(180): CWebApplication->processRequest()
#2 /home/ashubin/development/eq/index.php(19): CApplication->run()
#3 {main}
REQUEST_URI=/assets/images/rr.png
HTTP_REFERER=http://eq.dev/assets/compiled/style-853ff527906a564f2227d17112f4ed9c.css
---
2014/11/13 20:53:31 [error] [exception.CHttpException.404] exception 'CHttpException' with message 'Unable to resolve the request "assets/images/logo.png".' in /home/ashubin/development/eq/vendor/yiisoft/yii/framework/web/CWebApplication.php:286
Stack trace:
#0 /home/ashubin/development/eq/vendor/yiisoft/yii/framework/web/CWebApplication.php(141): CWebApplication->runController('assets/images/l...')
#1 /home/ashubin/development/eq/vendor/yiisoft/yii/framework/base/CApplication.php(180): CWebApplication->processRequest()
#2 /home/ashubin/development/eq/index.php(19): CApplication->run()
#3 {main}
REQUEST_URI=/assets/images/logo.png
HTTP_REFERER=http://eq.dev/assets/compiled/style-853ff527906a564f2227d17112f4ed9c.css
---
2014/11/13 20:53:31 [error] [exception.CHttpException.404] exception 'CHttpException' with message 'Unable to resolve the request "assets/images/ll.png".' in /home/ashubin/development/eq/vendor/yiisoft/yii/framework/web/CWebApplication.php:286
Stack trace:
#0 /home/ashubin/development/eq/vendor/yiisoft/yii/framework/web/CWebApplication.php(141): CWebApplication->runController('assets/images/l...')
#1 /home/ashubin/development/eq/vendor/yiisoft/yii/framework/base/CApplication.php(180): CWebApplication->processRequest()
#2 /home/ashubin/development/eq/index.php(19): CApplication->run()
#3 {main}
REQUEST_URI=/assets/images/ll.png
HTTP_REFERER=http://eq.dev/assets/compiled/style-853ff527906a564f2227d17112f4ed9c.css
---
2014/11/13 20:54:22 [error] [exception.CHttpException.404] exception 'CHttpException' with message 'Unable to resolve the request "assets/images/ll.png".' in /home/ashubin/development/eq/vendor/yiisoft/yii/framework/web/CWebApplication.php:286
Stack trace:
#0 /home/ashubin/development/eq/vendor/yiisoft/yii/framework/web/CWebApplication.php(141): CWebApplication->runController('assets/images/l...')
#1 /home/ashubin/development/eq/vendor/yiisoft/yii/framework/base/CApplication.php(180): CWebApplication->processRequest()
#2 /home/ashubin/development/eq/index.php(19): CApplication->run()
#3 {main}
REQUEST_URI=/assets/images/ll.png
HTTP_REFERER=http://eq.dev/assets/compiled/style-853ff527906a564f2227d17112f4ed9c.css
---
2014/11/13 20:54:22 [error] [exception.CHttpException.404] exception 'CHttpException' with message 'Unable to resolve the request "assets/images/logo.png".' in /home/ashubin/development/eq/vendor/yiisoft/yii/framework/web/CWebApplication.php:286
Stack trace:
#0 /home/ashubin/development/eq/vendor/yiisoft/yii/framework/web/CWebApplication.php(141): CWebApplication->runController('assets/images/l...')
#1 /home/ashubin/development/eq/vendor/yiisoft/yii/framework/base/CApplication.php(180): CWebApplication->processRequest()
#2 /home/ashubin/development/eq/index.php(19): CApplication->run()
#3 {main}
REQUEST_URI=/assets/images/logo.png
HTTP_REFERER=http://eq.dev/assets/compiled/style-853ff527906a564f2227d17112f4ed9c.css
---
2014/11/13 20:54:22 [error] [exception.CHttpException.404] exception 'CHttpException' with message 'Unable to resolve the request "assets/images/rr.png".' in /home/ashubin/development/eq/vendor/yiisoft/yii/framework/web/CWebApplication.php:286
Stack trace:
#0 /home/ashubin/development/eq/vendor/yiisoft/yii/framework/web/CWebApplication.php(141): CWebApplication->runController('assets/images/r...')
#1 /home/ashubin/development/eq/vendor/yiisoft/yii/framework/base/CApplication.php(180): CWebApplication->processRequest()
#2 /home/ashubin/development/eq/index.php(19): CApplication->run()
#3 {main}
REQUEST_URI=/assets/images/rr.png
HTTP_REFERER=http://eq.dev/assets/compiled/style-853ff527906a564f2227d17112f4ed9c.css
---
2014/11/13 20:54:23 [error] [exception.CHttpException.404] exception 'CHttpException' with message 'Unable to resolve the request "assets/images/logo.png".' in /home/ashubin/development/eq/vendor/yiisoft/yii/framework/web/CWebApplication.php:286
Stack trace:
#0 /home/ashubin/development/eq/vendor/yiisoft/yii/framework/web/CWebApplication.php(141): CWebApplication->runController('assets/images/l...')
#1 /home/ashubin/development/eq/vendor/yiisoft/yii/framework/base/CApplication.php(180): CWebApplication->processRequest()
#2 /home/ashubin/development/eq/index.php(19): CApplication->run()
#3 {main}
REQUEST_URI=/assets/images/logo.png
HTTP_REFERER=http://eq.dev/assets/compiled/style-853ff527906a564f2227d17112f4ed9c.css
---
2014/11/13 20:54:23 [error] [exception.CHttpException.404] exception 'CHttpException' with message 'Unable to resolve the request "assets/images/rr.png".' in /home/ashubin/development/eq/vendor/yiisoft/yii/framework/web/CWebApplication.php:286
Stack trace:
#0 /home/ashubin/development/eq/vendor/yiisoft/yii/framework/web/CWebApplication.php(141): CWebApplication->runController('assets/images/r...')
#1 /home/ashubin/development/eq/vendor/yiisoft/yii/framework/base/CApplication.php(180): CWebApplication->processRequest()
#2 /home/ashubin/development/eq/index.php(19): CApplication->run()
#3 {main}
REQUEST_URI=/assets/images/rr.png
HTTP_REFERER=http://eq.dev/assets/compiled/style-853ff527906a564f2227d17112f4ed9c.css
---
2014/11/13 21:31:55 [error] [exception.CHttpException.404] exception 'CHttpException' with message 'Unable to resolve the request "assets/images/logo.png".' in /home/ashubin/development/eq/vendor/yiisoft/yii/framework/web/CWebApplication.php:286
Stack trace:
#0 /home/ashubin/development/eq/vendor/yiisoft/yii/framework/web/CWebApplication.php(141): CWebApplication->runController('assets/images/l...')
#1 /home/ashubin/development/eq/vendor/yiisoft/yii/framework/base/CApplication.php(180): CWebApplication->processRequest()
#2 /home/ashubin/development/eq/index.php(19): CApplication->run()
#3 {main}
REQUEST_URI=/assets/images/logo.png
HTTP_REFERER=http://eq.dev/assets/compiled/style-853ff527906a564f2227d17112f4ed9c.css
---
